c:\users\andyn\desktop\remake\s32k_juyuan\s32k_juyuan\s32k_juyuan\x64\debug\vc143.pdb
c:\users\andyn\desktop\remake\s32k_juyuan\s32k_juyuan\s32k_juyuan\x64\debug\vc143.idb
c:\users\andyn\desktop\remake\s32k_juyuan\s32k_juyuan\s32k_juyuan\x64\debug\watchdog.obj
c:\users\andyn\desktop\remake\s32k_juyuan\s32k_juyuan\s32k_juyuan\x64\debug\memif.obj
c:\users\andyn\desktop\remake\s32k_juyuan\s32k_juyuan\s32k_juyuan\x64\debug\main.obj
c:\users\andyn\desktop\remake\s32k_juyuan\s32k_juyuan\s32k_juyuan\x64\debug\fls.obj
c:\users\andyn\desktop\remake\s32k_juyuan\s32k_juyuan\s32k_juyuan\x64\debug\flash.obj
c:\users\andyn\desktop\remake\s32k_juyuan\s32k_juyuan\s32k_juyuan\x64\debug\fee_cfg.obj
c:\users\andyn\desktop\remake\s32k_juyuan\s32k_juyuan\s32k_juyuan\x64\debug\fee.obj
c:\users\andyn\desktop\remake\s32k_juyuan\s32k_juyuan\s32k_juyuan\x64\debug\eeprom.obj
c:\users\andyn\desktop\remake\s32k_juyuan\s32k_juyuan\s32k_juyuan\x64\debug\ea.obj
c:\users\andyn\desktop\remake\s32k_juyuan\s32k_juyuan\s32k_juyuan\x64\debug\dcm_lcfg.obj
c:\users\andyn\desktop\remake\s32k_juyuan\s32k_juyuan\s32k_juyuan\x64\debug\dcm_appl.obj
c:\users\andyn\desktop\remake\s32k_juyuan\s32k_juyuan\s32k_juyuan\x64\debug\dcm.obj
c:\users\andyn\desktop\remake\s32k_juyuan\s32k_juyuan\s32k_juyuan\x64\debug\common.obj
c:\users\andyn\desktop\remake\s32k_juyuan\s32k_juyuan\s32k_juyuan\x64\debug\cantp_cfg.obj
c:\users\andyn\desktop\remake\s32k_juyuan\s32k_juyuan\s32k_juyuan\x64\debug\cantp.obj
c:\users\andyn\desktop\remake\s32k_juyuan\s32k_juyuan\s32k_juyuan\x64\debug\canpbcfg.obj
c:\users\andyn\desktop\remake\s32k_juyuan\s32k_juyuan\s32k_juyuan\x64\debug\canif_cfg.obj
c:\users\andyn\desktop\remake\s32k_juyuan\s32k_juyuan\s32k_juyuan\x64\debug\canif.obj
c:\users\andyn\desktop\remake\s32k_juyuan\s32k_juyuan\s32k_juyuan\x64\debug\can.obj
c:\users\andyn\desktop\remake\s32k_juyuan\s32k_juyuan\s32k_juyuan\x64\debug\timer.obj
c:\users\andyn\desktop\remake\s32k_juyuan\s32k_juyuan\s32k_juyuan\x64\debug\system.obj
c:\users\andyn\desktop\remake\s32k_juyuan\s32k_juyuan\s32k_juyuan\x64\debug\secm.obj
c:\users\andyn\desktop\remake\s32k_juyuan\s32k_juyuan\s32k_juyuan\x64\debug\port.obj
c:\users\andyn\desktop\remake\s32k_juyuan\s32k_juyuan\s32k_juyuan\x64\debug\memif_cfg.obj
c:\users\andyn\desktop\remake\s32k_juyuan\s32k_juyuan\s32k_juyuan\x64\debug\bl_manager.obj
c:\users\andyn\desktop\remake\s32k_juyuan\s32k_juyuan\s32k_juyuan\x64\debug\s32k_juyuan.ilk
c:\users\andyn\desktop\remake\s32k_juyuan\s32k_juyuan\x64\debug\s32k_juyuan.pdb
c:\users\andyn\desktop\remake\s32k_juyuan\s32k_juyuan\s32k_juyuan\x64\debug\s32k_juyuan.tlog\cl.command.1.tlog
c:\users\andyn\desktop\remake\s32k_juyuan\s32k_juyuan\s32k_juyuan\x64\debug\s32k_juyuan.tlog\cl.items.tlog
c:\users\andyn\desktop\remake\s32k_juyuan\s32k_juyuan\s32k_juyuan\x64\debug\s32k_juyuan.tlog\cl.read.1.tlog
c:\users\andyn\desktop\remake\s32k_juyuan\s32k_juyuan\s32k_juyuan\x64\debug\s32k_juyuan.tlog\cl.write.1.tlog
c:\users\andyn\desktop\remake\s32k_juyuan\s32k_juyuan\s32k_juyuan\x64\debug\s32k_juyuan.tlog\link.31820-cvtres.read.1.tlog
c:\users\andyn\desktop\remake\s32k_juyuan\s32k_juyuan\s32k_juyuan\x64\debug\s32k_juyuan.tlog\link.31820-cvtres.write.1.tlog
c:\users\andyn\desktop\remake\s32k_juyuan\s32k_juyuan\s32k_juyuan\x64\debug\s32k_juyuan.tlog\link.31820-rc.read.1.tlog
c:\users\andyn\desktop\remake\s32k_juyuan\s32k_juyuan\s32k_juyuan\x64\debug\s32k_juyuan.tlog\link.31820-rc.write.1.tlog
c:\users\andyn\desktop\remake\s32k_juyuan\s32k_juyuan\s32k_juyuan\x64\debug\s32k_juyuan.tlog\link.31820.read.1.tlog
c:\users\andyn\desktop\remake\s32k_juyuan\s32k_juyuan\s32k_juyuan\x64\debug\s32k_juyuan.tlog\link.31820.read.2.tlog
c:\users\andyn\desktop\remake\s32k_juyuan\s32k_juyuan\s32k_juyuan\x64\debug\s32k_juyuan.tlog\link.31820.read.3.tlog
c:\users\andyn\desktop\remake\s32k_juyuan\s32k_juyuan\s32k_juyuan\x64\debug\s32k_juyuan.tlog\link.31820.read.4.tlog
c:\users\andyn\desktop\remake\s32k_juyuan\s32k_juyuan\s32k_juyuan\x64\debug\s32k_juyuan.tlog\link.31820.write.1.tlog
c:\users\andyn\desktop\remake\s32k_juyuan\s32k_juyuan\s32k_juyuan\x64\debug\s32k_juyuan.tlog\link.command.1.tlog
c:\users\andyn\desktop\remake\s32k_juyuan\s32k_juyuan\s32k_juyuan\x64\debug\s32k_juyuan.tlog\link.read.1.tlog
c:\users\andyn\desktop\remake\s32k_juyuan\s32k_juyuan\s32k_juyuan\x64\debug\s32k_juyuan.tlog\link.secondary.1.tlog
c:\users\andyn\desktop\remake\s32k_juyuan\s32k_juyuan\s32k_juyuan\x64\debug\s32k_juyuan.tlog\link.write.1.tlog
